Base path: 'C:/Program Files/Unity/Hub/Editor/2019.3.7f1/Editor/Data', plugins path 'C:/Program Files/Unity/Hub/Editor/2019.3.7f1/Editor/Data/PlaybackEngines'
Cmd: initializeCompiler
Cmd: preprocess
  insize=36413 outsize=2124 ok=1
Cmd: preprocess
  insize=103986 outsize=3117 ok=1
Cmd: compileSnippet
  error: 1 plat 4 at (904): implicit truncation of vector type\nCompiling Vertex program with UNITY_PASS_SHADOWCASTER
Platform defines: UNITY_ENABLE_REFLECTION_BUFFERS UNITY_USE_DITHER_MASK_FOR_ALPHABLENDED_SHADOWS UNITY_PBS_USE_BRDF1 UNITY_SPECCUBE_BOX_PROJECTION UNITY_SPECCUBE_BLENDING UNITY_ENABLE_DETAIL_NORMALMAP SHADER_API_DESKTOP UNITY_LIGHT_PROBE_PROXY_VOLUME UNITY_LIGHTMAP_RGBM_ENCODING
  api=4 type=0 insize=15904 outsize=3886 kw=UNITY_PASS_SHADOWCASTER pd=UNITY_ENABLE_REFLECTION_BUFFERS UNITY_USE_DITHER_MASK_FOR_ALPHABLENDED_SHADOWS UNITY_PBS_USE_BRDF1 UNITY_SPECCUBE_BOX_PROJECTION UNITY_SPECCUBE_BLENDING UNITY_ENABLE_DETAIL_NORMALMAP SHADER_API_DESKTOP UNITY_LIGHT_PROBE_PROXY_VOLUME UNITY_LIGHTMAP_RGBM_ENCODING ok=1
Cmd: compileSnippet
  error: 1 plat 4 at (904): implicit truncation of vector type\nCompiling Fragment program with UNITY_PASS_SHADOWCASTER
Platform defines: UNITY_ENABLE_REFLECTION_BUFFERS UNITY_USE_DITHER_MASK_FOR_ALPHABLENDED_SHADOWS UNITY_PBS_USE_BRDF1 UNITY_SPECCUBE_BOX_PROJECTION UNITY_SPECCUBE_BLENDING UNITY_ENABLE_DETAIL_NORMALMAP SHADER_API_DESKTOP UNITY_LIGHT_PROBE_PROXY_VOLUME UNITY_LIGHTMAP_RGBM_ENCODING
  api=4 type=1 insize=15904 outsize=218 kw=UNITY_PASS_SHADOWCASTER pd=UNITY_ENABLE_REFLECTION_BUFFERS UNITY_USE_DITHER_MASK_FOR_ALPHABLENDED_SHADOWS UNITY_PBS_USE_BRDF1 UNITY_SPECCUBE_BOX_PROJECTION UNITY_SPECCUBE_BLENDING UNITY_ENABLE_DETAIL_NORMALMAP SHADER_API_DESKTOP UNITY_LIGHT_PROBE_PROXY_VOLUME UNITY_LIGHTMAP_RGBM_ENCODING ok=1
Cmd: compileSnippet
  error: 1 plat 4 at (526): implicit truncation of vector type\nCompiling Vertex program with _ADDITIONAL_LIGHTS
Platform defines: UNITY_ENABLE_REFLECTION_BUFFERS UNITY_USE_DITHER_MASK_FOR_ALPHABLENDED_SHADOWS UNITY_PBS_USE_BRDF1 UNITY_SPECCUBE_BOX_PROJECTION UNITY_SPECCUBE_BLENDING UNITY_ENABLE_DETAIL_NORMALMAP SHADER_API_DESKTOP UNITY_LIGHT_PROBE_PROXY_VOLUME UNITY_LIGHTMAP_RGBM_ENCODING
  api=4 type=0 insize=28363 outsize=4522 kw=_ADDITIONAL_LIGHTS pd=UNITY_ENABLE_REFLECTION_BUFFERS UNITY_USE_DITHER_MASK_FOR_ALPHABLENDED_SHADOWS UNITY_PBS_USE_BRDF1 UNITY_SPECCUBE_BOX_PROJECTION UNITY_SPECCUBE_BLENDING UNITY_ENABLE_DETAIL_NORMALMAP SHADER_API_DESKTOP UNITY_LIGHT_PROBE_PROXY_VOLUME UNITY_LIGHTMAP_RGBM_ENCODING ok=1
Cmd: compileSnippet
  error: 1 plat 4 at (526): implicit truncation of vector type\nCompiling Fragment program with _ADDITIONAL_LIGHTS
Platform defines: UNITY_ENABLE_REFLECTION_BUFFERS UNITY_USE_DITHER_MASK_FOR_ALPHABLENDED_SHADOWS UNITY_PBS_USE_BRDF1 UNITY_SPECCUBE_BOX_PROJECTION UNITY_SPECCUBE_BLENDING UNITY_ENABLE_DETAIL_NORMALMAP SHADER_API_DESKTOP UNITY_LIGHT_PROBE_PROXY_VOLUME UNITY_LIGHTMAP_RGBM_ENCODING
  api=4 type=1 insize=28363 outsize=6590 kw=_ADDITIONAL_LIGHTS pd=UNITY_ENABLE_REFLECTION_BUFFERS UNITY_USE_DITHER_MASK_FOR_ALPHABLENDED_SHADOWS UNITY_PBS_USE_BRDF1 UNITY_SPECCUBE_BOX_PROJECTION UNITY_SPECCUBE_BLENDING UNITY_ENABLE_DETAIL_NORMALMAP SHADER_API_DESKTOP UNITY_LIGHT_PROBE_PROXY_VOLUME UNITY_LIGHTMAP_RGBM_ENCODING ok=1
Cmd: preprocess
  insize=811 outsize=209 ok=1
Cmd: preprocess
  insize=811 outsize=209 ok=1
Cmd: preprocess
  insize=811 outsize=209 ok=1
Cmd: preprocess
  insize=811 outsize=209 ok=1
Cmd: preprocess
  insize=811 outsize=209 ok=1
Cmd: preprocess
  insize=811 outsize=209 ok=1
Cmd: preprocess
  insize=811 outsize=209 ok=1
Cmd: preprocess
  insize=811 outsize=209 ok=1
Cmd: preprocess
  insize=811 outsize=209 ok=1
Cmd: preprocess
  insize=811 outsize=209 ok=1
Cmd: preprocess
  insize=811 outsize=209 ok=1
Cmd: preprocess
  insize=811 outsize=209 ok=1
Cmd: preprocess
  insize=811 outsize=209 ok=1
Cmd: preprocess
  insize=811 outsize=209 ok=1
Cmd: preprocess
  insize=811 outsize=209 ok=1
Cmd: preprocess
  insize=811 outsize=209 ok=1
Cmd: preprocess
  insize=811 outsize=209 ok=1
Cmd: preprocess
  insize=811 outsize=209 ok=1
Cmd: preprocess
  insize=811 outsize=209 ok=1
Cmd: preprocess
  insize=811 outsize=209 ok=1
Cmd: preprocess
  insize=811 outsize=209 ok=1
Cmd: preprocess
  insize=811 outsize=209 ok=1
Cmd: preprocess
  insize=811 outsize=209 ok=1
Cmd: preprocess
  insize=811 outsize=209 ok=1
Cmd: preprocess
  insize=811 outsize=209 ok=1
Cmd: preprocess
  insize=811 outsize=209 ok=1
Cmd: preprocess
  insize=811 outsize=209 ok=1
Cmd: preprocess
  insize=811 outsize=209 ok=1
Cmd: preprocess
  insize=811 outsize=209 ok=1
Cmd: preprocess
  insize=811 outsize=209 ok=1
Cmd: preprocess
  insize=811 outsize=209 ok=1
Cmd: preprocess
  insize=811 outsize=209 ok=1
Cmd: preprocess
  insize=811 outsize=209 ok=1
Cmd: preprocess
  insize=811 outsize=209 ok=1
Cmd: preprocess
  insize=811 outsize=209 ok=1
Cmd: preprocess
  insize=811 outsize=209 ok=1
Cmd: preprocess
  insize=811 outsize=209 ok=1
Cmd: preprocess
  insize=811 outsize=209 ok=1
Cmd: preprocess
  insize=811 outsize=209 ok=1
Cmd: preprocess
  insize=811 outsize=209 ok=1
Cmd: preprocess
  insize=811 outsize=209 ok=1
Cmd: preprocess
  insize=9742 outsize=714 ok=1
Cmd: preprocess
  insize=8667 outsize=726 ok=1
Cmd: preprocess
  insize=9044 outsize=830 ok=1
Cmd: preprocess
  insize=3699 outsize=601 ok=1
Cmd: preprocess
  insize=3903 outsize=598 ok=1
Cmd: preprocess
  insize=3901 outsize=597 ok=1
Cmd: preprocess
  insize=3697 outsize=601 ok=1
Cmd: preprocess
  insize=4414 outsize=604 ok=1
Cmd: preprocess
  insize=5083 outsize=608 ok=1
Cmd: preprocess
  insize=3699 outsize=601 ok=1
Cmd: preprocess
  insize=4416 outsize=604 ok=1
Cmd: preprocess
  insize=5085 outsize=607 ok=1
Cmd: preprocess
  insize=4214 outsize=608 ok=1
Cmd: preprocess
  insize=3855 outsize=604 ok=1
Cmd: preprocess
  insize=111767 outsize=3094 ok=1
Cmd: preprocess
  insize=9188 outsize=601 ok=1
Cmd: preprocess
  insize=7436 outsize=604 ok=1
Cmd: preprocess
  insize=5387 outsize=608 ok=1
Cmd: preprocess
  insize=3750 outsize=601 ok=1
Cmd: preprocess
  insize=8592 outsize=597 ok=1
Cmd: preprocess
  insize=3750 outsize=601 ok=1
Cmd: preprocess
  insize=7897 outsize=603 ok=1
Cmd: preprocess
  insize=8143 outsize=602 ok=1
Cmd: preprocess
  insize=5937 outsize=723 ok=1
Cmd: preprocess
  insize=5957 outsize=725 ok=1
Cmd: preprocess
  insize=4416 outsize=603 ok=1
Cmd: preprocess
  insize=3903 outsize=598 ok=1
Cmd: preprocess
  insize=4116 outsize=608 ok=1
Cmd: preprocess
  insize=6911 outsize=715 ok=1
Cmd: compileSnippet
  error: 1 plat 4 at (146): 'TransformObjectToWorld': implicit truncation of vector type\nCompiling Vertex program
Platform defines: UNITY_ENABLE_REFLECTION_BUFFERS UNITY_USE_DITHER_MASK_FOR_ALPHABLENDED_SHADOWS UNITY_PBS_USE_BRDF1 UNITY_SPECCUBE_BOX_PROJECTION UNITY_SPECCUBE_BLENDING UNITY_ENABLE_DETAIL_NORMALMAP SHADER_API_DESKTOP UNITY_LIGHT_PROBE_PROXY_VOLUME UNITY_LIGHTMAP_RGBM_ENCODING
  api=4 type=0 insize=6533 outsize=642 kw= pd=UNITY_ENABLE_REFLECTION_BUFFERS UNITY_USE_DITHER_MASK_FOR_ALPHABLENDED_SHADOWS UNITY_PBS_USE_BRDF1 UNITY_SPECCUBE_BOX_PROJECTION UNITY_SPECCUBE_BLENDING UNITY_ENABLE_DETAIL_NORMALMAP SHADER_API_DESKTOP UNITY_LIGHT_PROBE_PROXY_VOLUME UNITY_LIGHTMAP_RGBM_ENCODING ok=1
Cmd: compileSnippet
  error: 1 plat 4 at (1331): implicit truncation of vector type\nCompiling Vertex program
Platform defines: UNITY_ENABLE_REFLECTION_BUFFERS UNITY_USE_DITHER_MASK_FOR_ALPHABLENDED_SHADOWS UNITY_PBS_USE_BRDF1 UNITY_SPECCUBE_BOX_PROJECTION UNITY_SPECCUBE_BLENDING UNITY_ENABLE_DETAIL_NORMALMAP SHADER_API_DESKTOP UNITY_LIGHT_PROBE_PROXY_VOLUME UNITY_LIGHTMAP_RGBM_ENCODING
  api=4 type=0 insize=16991 outsize=3590 kw= pd=UNITY_ENABLE_REFLECTION_BUFFERS UNITY_USE_DITHER_MASK_FOR_ALPHABLENDED_SHADOWS UNITY_PBS_USE_BRDF1 UNITY_SPECCUBE_BOX_PROJECTION UNITY_SPECCUBE_BLENDING UNITY_ENABLE_DETAIL_NORMALMAP SHADER_API_DESKTOP UNITY_LIGHT_PROBE_PROXY_VOLUME UNITY_LIGHTMAP_RGBM_ENCODING ok=1
Cmd: compileSnippet
  error: 1 plat 4 at (394): implicit truncation of vector type\nCompiling Fragment program with _ADDITIONAL_LIGHTS
Platform defines: UNITY_ENABLE_REFLECTION_BUFFERS UNITY_USE_DITHER_MASK_FOR_ALPHABLENDED_SHADOWS UNITY_PBS_USE_BRDF1 UNITY_SPECCUBE_BOX_PROJECTION UNITY_SPECCUBE_BLENDING UNITY_ENABLE_DETAIL_NORMALMAP SHADER_API_DESKTOP UNITY_LIGHT_PROBE_PROXY_VOLUME UNITY_LIGHTMAP_RGBM_ENCODING
  error: 1 plat 4 at (556): implicit truncation of vector type\nCompiling Fragment program with _ADDITIONAL_LIGHTS
Platform defines: UNITY_ENABLE_REFLECTION_BUFFERS UNITY_USE_DITHER_MASK_FOR_ALPHABLENDED_SHADOWS UNITY_PBS_USE_BRDF1 UNITY_SPECCUBE_BOX_PROJECTION UNITY_SPECCUBE_BLENDING UNITY_ENABLE_DETAIL_NORMALMAP SHADER_API_DESKTOP UNITY_LIGHT_PROBE_PROXY_VOLUME UNITY_LIGHTMAP_RGBM_ENCODING
  api=4 type=1 insize=30364 outsize=7638 kw=_ADDITIONAL_LIGHTS pd=UNITY_ENABLE_REFLECTION_BUFFERS UNITY_USE_DITHER_MASK_FOR_ALPHABLENDED_SHADOWS UNITY_PBS_USE_BRDF1 UNITY_SPECCUBE_BOX_PROJECTION UNITY_SPECCUBE_BLENDING UNITY_ENABLE_DETAIL_NORMALMAP SHADER_API_DESKTOP UNITY_LIGHT_PROBE_PROXY_VOLUME UNITY_LIGHTMAP_RGBM_ENCODING ok=1
Cmd: compileSnippet
  error: 1 plat 4 at (1267): implicit truncation of vector type\nCompiling Vertex program
Platform defines: UNITY_ENABLE_REFLECTION_BUFFERS UNITY_USE_DITHER_MASK_FOR_ALPHABLENDED_SHADOWS UNITY_PBS_USE_BRDF1 UNITY_SPECCUBE_BOX_PROJECTION UNITY_SPECCUBE_BLENDING UNITY_ENABLE_DETAIL_NORMALMAP SHADER_API_DESKTOP UNITY_LIGHT_PROBE_PROXY_VOLUME UNITY_LIGHTMAP_RGBM_ENCODING
  api=4 type=0 insize=15898 outsize=3450 kw= pd=UNITY_ENABLE_REFLECTION_BUFFERS UNITY_USE_DITHER_MASK_FOR_ALPHABLENDED_SHADOWS UNITY_PBS_USE_BRDF1 UNITY_SPECCUBE_BOX_PROJECTION UNITY_SPECCUBE_BLENDING UNITY_ENABLE_DETAIL_NORMALMAP SHADER_API_DESKTOP UNITY_LIGHT_PROBE_PROXY_VOLUME UNITY_LIGHTMAP_RGBM_ENCODING ok=1
Cmd: preprocess
  insize=811 outsize=209 ok=1
Cmd: preprocess
  insize=811 outsize=209 ok=1
Cmd: preprocess
  insize=811 outsize=209 ok=1
Cmd: preprocess
  insize=811 outsize=209 ok=1
Cmd: preprocess
  insize=811 outsize=209 ok=1
Cmd: preprocess
  insize=811 outsize=209 ok=1
Cmd: preprocess
  insize=811 outsize=209 ok=1
Cmd: preprocess
  insize=811 outsize=209 ok=1
Cmd: preprocess
  insize=811 outsize=209 ok=1
Cmd: preprocess
  insize=811 outsize=209 ok=1
Cmd: preprocess
  insize=811 outsize=209 ok=1
Cmd: preprocess
  insize=811 outsize=209 ok=1
Cmd: preprocess
  insize=811 outsize=209 ok=1
Cmd: preprocess
  insize=811 outsize=209 ok=1
Cmd: preprocess
  insize=811 outsize=209 ok=1
Cmd: preprocess
  insize=811 outsize=209 ok=1
Cmd: preprocess
  insize=811 outsize=209 ok=1
Cmd: preprocess
  insize=811 outsize=209 ok=1
Cmd: preprocess
  insize=811 outsize=209 ok=1
Cmd: preprocess
  insize=811 outsize=209 ok=1
Cmd: preprocess
  insize=811 outsize=209 ok=1
Cmd: preprocess
  insize=811 outsize=209 ok=1
Cmd: preprocess
  insize=811 outsize=209 ok=1
Cmd: preprocess
  insize=811 outsize=209 ok=1
Cmd: preprocess
  insize=811 outsize=209 ok=1
Cmd: preprocess
  insize=811 outsize=209 ok=1
Cmd: preprocess
  insize=811 outsize=209 ok=1
Cmd: preprocess
  insize=811 outsize=209 ok=1
Cmd: preprocess
  insize=811 outsize=209 ok=1
Cmd: preprocess
  insize=811 outsize=209 ok=1
Cmd: preprocess
  insize=811 outsize=209 ok=1
Cmd: preprocess
  insize=811 outsize=209 ok=1
Cmd: preprocess
  insize=811 outsize=209 ok=1
Cmd: preprocess
  insize=811 outsize=209 ok=1
Cmd: preprocess
  insize=811 outsize=209 ok=1
Cmd: preprocess
  insize=811 outsize=209 ok=1
Cmd: preprocess
  insize=811 outsize=209 ok=1
Cmd: preprocess
  insize=811 outsize=209 ok=1
Cmd: preprocess
  insize=811 outsize=209 ok=1
Cmd: preprocess
  insize=811 outsize=209 ok=1
Cmd: preprocess
  insize=811 outsize=209 ok=1
Cmd: preprocess
  insize=9742 outsize=714 ok=1
Cmd: preprocess
  insize=8667 outsize=726 ok=1
Cmd: preprocess
  insize=9044 outsize=830 ok=1
Cmd: preprocess
  insize=3699 outsize=601 ok=1
Cmd: preprocess
  insize=3903 outsize=598 ok=1
Cmd: preprocess
  insize=3901 outsize=597 ok=1
Cmd: preprocess
  insize=3697 outsize=601 ok=1
Cmd: preprocess
  insize=4414 outsize=604 ok=1
Cmd: preprocess
  insize=5083 outsize=608 ok=1
Cmd: preprocess
  insize=3699 outsize=601 ok=1
Cmd: preprocess
  insize=4416 outsize=604 ok=1
Cmd: preprocess
  insize=5085 outsize=607 ok=1
Cmd: preprocess
  insize=4214 outsize=608 ok=1
Cmd: preprocess
  insize=3855 outsize=604 ok=1
Cmd: preprocess
  insize=111767 outsize=3094 ok=1
Cmd: preprocess
  insize=9188 outsize=601 ok=1
Cmd: preprocess
  insize=7436 outsize=604 ok=1
Cmd: preprocess
  insize=5387 outsize=608 ok=1
Cmd: preprocess
  insize=3750 outsize=601 ok=1
Cmd: preprocess
  insize=8592 outsize=597 ok=1
Cmd: preprocess
  insize=3750 outsize=601 ok=1
Cmd: preprocess
  insize=7897 outsize=603 ok=1
Cmd: preprocess
  insize=8143 outsize=602 ok=1
Cmd: preprocess
  insize=5937 outsize=723 ok=1
Cmd: preprocess
  insize=5957 outsize=725 ok=1
Cmd: preprocess
  insize=4416 outsize=603 ok=1
Cmd: preprocess
  insize=3903 outsize=598 ok=1
Cmd: preprocess
  insize=4116 outsize=608 ok=1
Cmd: preprocess
  insize=6911 outsize=715 ok=1
Cmd: preprocess
  insize=4116 outsize=608 ok=1
Cmd: preprocess
  insize=6911 outsize=715 ok=1
Cmd: preprocess
  insize=9044 outsize=830 ok=1
Cmd: preprocess
  insize=111767 outsize=3094 ok=1
Cmd: preprocess
  insize=4214 outsize=608 ok=1
Cmd: preprocess
  insize=9742 outsize=714 ok=1
Cmd: preprocess
  insize=3697 outsize=601 ok=1
Cmd: preprocess
  insize=3901 outsize=597 ok=1
Cmd: preprocess
  insize=4414 outsize=604 ok=1
Cmd: preprocess
  insize=5083 outsize=608 ok=1
Cmd: preprocess
  insize=5937 outsize=723 ok=1
Cmd: preprocess
  insize=3699 outsize=601 ok=1
Cmd: preprocess
  insize=3903 outsize=598 ok=1
Cmd: preprocess
  insize=4416 outsize=603 ok=1
Cmd: preprocess
  insize=5387 outsize=608 ok=1
Cmd: preprocess
  insize=7436 outsize=604 ok=1
Cmd: preprocess
  insize=7897 outsize=603 ok=1
Cmd: preprocess
  insize=8143 outsize=602 ok=1
Cmd: preprocess
  insize=8592 outsize=597 ok=1
Cmd: preprocess
  insize=9188 outsize=601 ok=1
Cmd: preprocess
  insize=3699 outsize=601 ok=1
Cmd: preprocess
  insize=3903 outsize=598 ok=1
Cmd: preprocess
  insize=4416 outsize=604 ok=1
Cmd: preprocess
  insize=5085 outsize=607 ok=1
Cmd: preprocess
  insize=5957 outsize=725 ok=1
Cmd: preprocess
  insize=8667 outsize=726 ok=1
Cmd: compileSnippet
  api=4 type=0 insize=2364 outsize=1578 kw=_ADDITIONAL_LIGHTS _METALLICSPECGLOSSMAP _NORMALMAP pd=UNITY_ENABLE_REFLECTION_BUFFERS UNITY_USE_DITHER_MASK_FOR_ALPHABLENDED_SHADOWS UNITY_PBS_USE_BRDF1 UNITY_SPECCUBE_BOX_PROJECTION UNITY_SPECCUBE_BLENDING UNITY_ENABLE_DETAIL_NORMALMAP SHADER_API_DESKTOP UNITY_LIGHT_PROBE_PROXY_VOLUME UNITY_LIGHTMAP_RGBM_ENCODING ok=1
Cmd: compileSnippet
  api=4 type=1 insize=2364 outsize=5130 kw=_ADDITIONAL_LIGHTS _METALLICSPECGLOSSMAP _NORMALMAP pd=UNITY_ENABLE_REFLECTION_BUFFERS UNITY_USE_DITHER_MASK_FOR_ALPHABLENDED_SHADOWS UNITY_PBS_USE_BRDF1 UNITY_SPECCUBE_BOX_PROJECTION UNITY_SPECCUBE_BLENDING UNITY_ENABLE_DETAIL_NORMALMAP SHADER_API_DESKTOP UNITY_LIGHT_PROBE_PROXY_VOLUME UNITY_LIGHTMAP_RGBM_ENCODING ok=1
Cmd: preprocess
  insize=811 outsize=209 ok=1
Cmd: preprocess
  insize=811 outsize=209 ok=1
Cmd: preprocess
  insize=811 outsize=209 ok=1
Cmd: preprocess
  insize=811 outsize=209 ok=1
Cmd: preprocess
  insize=811 outsize=209 ok=1
Cmd: preprocess
  insize=811 outsize=209 ok=1
Cmd: preprocess
  insize=811 outsize=209 ok=1
Cmd: preprocess
  insize=811 outsize=209 ok=1
Cmd: preprocess
  insize=811 outsize=209 ok=1
Cmd: preprocess
  insize=811 outsize=209 ok=1
Cmd: preprocess
  insize=811 outsize=209 ok=1
Cmd: preprocess
  insize=811 outsize=209 ok=1
Cmd: preprocess
  insize=811 outsize=209 ok=1
Cmd: preprocess
  insize=811 outsize=209 ok=1
Cmd: preprocess
  insize=811 outsize=209 ok=1
Cmd: preprocess
  insize=811 outsize=209 ok=1
Cmd: preprocess
  insize=811 outsize=209 ok=1
Cmd: preprocess
  insize=811 outsize=209 ok=1
Cmd: preprocess
  insize=811 outsize=209 ok=1
Cmd: preprocess
  insize=811 outsize=209 ok=1
Cmd: preprocess
  insize=811 outsize=209 ok=1
Cmd: preprocess
  insize=811 outsize=209 ok=1
Cmd: preprocess
  insize=811 outsize=209 ok=1
Cmd: preprocess
  insize=811 outsize=209 ok=1
Cmd: preprocess
  insize=811 outsize=209 ok=1
Cmd: preprocess
  insize=811 outsize=209 ok=1
Cmd: preprocess
  insize=811 outsize=209 ok=1
Cmd: preprocess
  insize=811 outsize=209 ok=1
Cmd: preprocess
  insize=811 outsize=209 ok=1
Cmd: preprocess
  insize=811 outsize=209 ok=1
Cmd: preprocess
  insize=811 outsize=209 ok=1
Cmd: preprocess
  insize=811 outsize=209 ok=1
Cmd: preprocess
  insize=811 outsize=209 ok=1
Cmd: preprocess
  insize=811 outsize=209 ok=1
Cmd: preprocess
  insize=811 outsize=209 ok=1
Cmd: preprocess
  insize=811 outsize=209 ok=1
Cmd: preprocess
  insize=811 outsize=209 ok=1
Cmd: preprocess
  insize=811 outsize=209 ok=1
Cmd: preprocess
  insize=811 outsize=209 ok=1
Cmd: preprocess
  insize=811 outsize=209 ok=1
Cmd: preprocess
  insize=811 outsize=209 ok=1
Cmd: preprocess
  insize=9742 outsize=714 ok=1
Cmd: preprocess
  insize=8667 outsize=726 ok=1
Cmd: preprocess
  insize=9044 outsize=830 ok=1
Cmd: preprocess
  insize=3699 outsize=601 ok=1
Cmd: preprocess
  insize=3903 outsize=598 ok=1
Cmd: preprocess
  insize=3901 outsize=597 ok=1
Cmd: preprocess
  insize=3697 outsize=601 ok=1
Cmd: preprocess
  insize=4414 outsize=604 ok=1
Cmd: preprocess
  insize=5083 outsize=608 ok=1
Cmd: preprocess
  insize=3699 outsize=601 ok=1
Cmd: preprocess
  insize=4416 outsize=604 ok=1
Cmd: preprocess
  insize=5085 outsize=607 ok=1
Cmd: preprocess
  insize=4214 outsize=608 ok=1
Cmd: preprocess
  insize=3855 outsize=604 ok=1
Cmd: preprocess
  insize=111767 outsize=3094 ok=1
Cmd: preprocess
  insize=9188 outsize=601 ok=1
Cmd: preprocess
  insize=7436 outsize=604 ok=1
Cmd: preprocess
  insize=5387 outsize=608 ok=1
Cmd: preprocess
  insize=3750 outsize=601 ok=1
Cmd: preprocess
  insize=8592 outsize=597 ok=1
Cmd: preprocess
  insize=3750 outsize=601 ok=1
Cmd: preprocess
  insize=7897 outsize=603 ok=1
Cmd: preprocess
  insize=8143 outsize=602 ok=1
Cmd: preprocess
  insize=5937 outsize=723 ok=1
Cmd: preprocess
  insize=5957 outsize=725 ok=1
Cmd: preprocess
  insize=4416 outsize=603 ok=1
Cmd: preprocess
  insize=3903 outsize=598 ok=1
Cmd: preprocess
  insize=4116 outsize=608 ok=1
Cmd: preprocess
  insize=6911 outsize=715 ok=1
Cmd: preprocess
  insize=4116 outsize=608 ok=1
Cmd: preprocess
  insize=6911 outsize=715 ok=1
Cmd: preprocess
  insize=9044 outsize=830 ok=1
Cmd: preprocess
  insize=111767 outsize=3094 ok=1
Cmd: preprocess
  insize=4214 outsize=608 ok=1
Cmd: preprocess
  insize=9742 outsize=714 ok=1
Cmd: preprocess
  insize=3697 outsize=601 ok=1
Cmd: preprocess
  insize=3901 outsize=597 ok=1
Cmd: preprocess
  insize=4414 outsize=604 ok=1
Cmd: preprocess
  insize=5083 outsize=608 ok=1
Cmd: preprocess
  insize=5937 outsize=723 ok=1
Cmd: preprocess
  insize=3699 outsize=601 ok=1
Cmd: preprocess
  insize=3903 outsize=598 ok=1
Cmd: preprocess
  insize=4416 outsize=603 ok=1
Cmd: preprocess
  insize=5387 outsize=608 ok=1
Cmd: preprocess
  insize=7436 outsize=604 ok=1
Cmd: preprocess
  insize=7897 outsize=603 ok=1
Cmd: preprocess
  insize=8143 outsize=602 ok=1
Cmd: preprocess
  insize=8592 outsize=597 ok=1
Cmd: preprocess
  insize=9188 outsize=601 ok=1
Cmd: preprocess
  insize=3699 outsize=601 ok=1
Cmd: preprocess
  insize=3903 outsize=598 ok=1
Cmd: preprocess
  insize=4416 outsize=604 ok=1
Cmd: preprocess
  insize=5085 outsize=607 ok=1
Cmd: preprocess
  insize=5957 outsize=725 ok=1
Cmd: preprocess
  insize=8667 outsize=726 ok=1
Cmd: preprocess
  insize=811 outsize=209 ok=1
Cmd: preprocess
  insize=4799 outsize=606 ok=1
Cmd: preprocess
  insize=6364 outsize=714 ok=1
Cmd: preprocess
  insize=105005 outsize=3094 ok=1
Cmd: compileSnippet
  error: 1 plat 4 at (1316): implicit truncation of vector type\nCompiling Vertex program
Platform defines: UNITY_ENABLE_REFLECTION_BUFFERS UNITY_USE_DITHER_MASK_FOR_ALPHABLENDED_SHADOWS UNITY_PBS_USE_BRDF1 UNITY_SPECCUBE_BOX_PROJECTION UNITY_SPECCUBE_BLENDING UNITY_ENABLE_DETAIL_NORMALMAP SHADER_API_DESKTOP UNITY_LIGHT_PROBE_PROXY_VOLUME UNITY_LIGHTMAP_RGBM_ENCODING
  api=4 type=0 insize=16989 outsize=3590 kw= pd=UNITY_ENABLE_REFLECTION_BUFFERS UNITY_USE_DITHER_MASK_FOR_ALPHABLENDED_SHADOWS UNITY_PBS_USE_BRDF1 UNITY_SPECCUBE_BOX_PROJECTION UNITY_SPECCUBE_BLENDING UNITY_ENABLE_DETAIL_NORMALMAP SHADER_API_DESKTOP UNITY_LIGHT_PROBE_PROXY_VOLUME UNITY_LIGHTMAP_RGBM_ENCODING ok=1
Cmd: compileSnippet
  error: 1 plat 4 at (379): implicit truncation of vector type\nCompiling Fragment program with _ADDITIONAL_LIGHTS
Platform defines: UNITY_ENABLE_REFLECTION_BUFFERS UNITY_USE_DITHER_MASK_FOR_ALPHABLENDED_SHADOWS UNITY_PBS_USE_BRDF1 UNITY_SPECCUBE_BOX_PROJECTION UNITY_SPECCUBE_BLENDING UNITY_ENABLE_DETAIL_NORMALMAP SHADER_API_DESKTOP UNITY_LIGHT_PROBE_PROXY_VOLUME UNITY_LIGHTMAP_RGBM_ENCODING
  error: 1 plat 4 at (541): implicit truncation of vector type\nCompiling Fragment program with _ADDITIONAL_LIGHTS
Platform defines: UNITY_ENABLE_REFLECTION_BUFFERS UNITY_USE_DITHER_MASK_FOR_ALPHABLENDED_SHADOWS UNITY_PBS_USE_BRDF1 UNITY_SPECCUBE_BOX_PROJECTION UNITY_SPECCUBE_BLENDING UNITY_ENABLE_DETAIL_NORMALMAP SHADER_API_DESKTOP UNITY_LIGHT_PROBE_PROXY_VOLUME UNITY_LIGHTMAP_RGBM_ENCODING
  api=4 type=1 insize=29298 outsize=7498 kw=_ADDITIONAL_LIGHTS pd=UNITY_ENABLE_REFLECTION_BUFFERS UNITY_USE_DITHER_MASK_FOR_ALPHABLENDED_SHADOWS UNITY_PBS_USE_BRDF1 UNITY_SPECCUBE_BOX_PROJECTION UNITY_SPECCUBE_BLENDING UNITY_ENABLE_DETAIL_NORMALMAP SHADER_API_DESKTOP UNITY_LIGHT_PROBE_PROXY_VOLUME UNITY_LIGHTMAP_RGBM_ENCODING ok=1
Cmd: preprocess
  insize=9044 outsize=830 ok=1
Cmd: preprocess
  insize=111767 outsize=3094 ok=1
Cmd: compileSnippet
  error: 1 plat 4 at (394): implicit truncation of vector type\nCompiling Vertex program with _ADDITIONAL_LIGHTS
Platform defines: UNITY_ENABLE_REFLECTION_BUFFERS UNITY_USE_DITHER_MASK_FOR_ALPHABLENDED_SHADOWS UNITY_PBS_USE_BRDF1 UNITY_SPECCUBE_BOX_PROJECTION UNITY_SPECCUBE_BLENDING UNITY_ENABLE_DETAIL_NORMALMAP SHADER_API_DESKTOP UNITY_LIGHT_PROBE_PROXY_VOLUME UNITY_LIGHTMAP_RGBM_ENCODING
  error: 1 plat 4 at (556): implicit truncation of vector type\nCompiling Vertex program with _ADDITIONAL_LIGHTS
Platform defines: UNITY_ENABLE_REFLECTION_BUFFERS UNITY_USE_DITHER_MASK_FOR_ALPHABLENDED_SHADOWS UNITY_PBS_USE_BRDF1 UNITY_SPECCUBE_BOX_PROJECTION UNITY_SPECCUBE_BLENDING UNITY_ENABLE_DETAIL_NORMALMAP SHADER_API_DESKTOP UNITY_LIGHT_PROBE_PROXY_VOLUME UNITY_LIGHTMAP_RGBM_ENCODING
  api=4 type=0 insize=30364 outsize=4662 kw=_ADDITIONAL_LIGHTS pd=UNITY_ENABLE_REFLECTION_BUFFERS UNITY_USE_DITHER_MASK_FOR_ALPHABLENDED_SHADOWS UNITY_PBS_USE_BRDF1 UNITY_SPECCUBE_BOX_PROJECTION UNITY_SPECCUBE_BLENDING UNITY_ENABLE_DETAIL_NORMALMAP SHADER_API_DESKTOP UNITY_LIGHT_PROBE_PROXY_VOLUME UNITY_LIGHTMAP_RGBM_ENCODING ok=1
Cmd: compileSnippet
  error: 1 plat 4 at (394): implicit truncation of vector type\nCompiling Fragment program with _ADDITIONAL_LIGHTS
Platform defines: UNITY_ENABLE_REFLECTION_BUFFERS UNITY_USE_DITHER_MASK_FOR_ALPHABLENDED_SHADOWS UNITY_PBS_USE_BRDF1 UNITY_SPECCUBE_BOX_PROJECTION UNITY_SPECCUBE_BLENDING UNITY_ENABLE_DETAIL_NORMALMAP SHADER_API_DESKTOP UNITY_LIGHT_PROBE_PROXY_VOLUME UNITY_LIGHTMAP_RGBM_ENCODING
  error: 1 plat 4 at (556): implicit truncation of vector type\nCompiling Fragment program with _ADDITIONAL_LIGHTS
Platform defines: UNITY_ENABLE_REFLECTION_BUFFERS UNITY_USE_DITHER_MASK_FOR_ALPHABLENDED_SHADOWS UNITY_PBS_USE_BRDF1 UNITY_SPECCUBE_BOX_PROJECTION UNITY_SPECCUBE_BLENDING UNITY_ENABLE_DETAIL_NORMALMAP SHADER_API_DESKTOP UNITY_LIGHT_PROBE_PROXY_VOLUME UNITY_LIGHTMAP_RGBM_ENCODING
  api=4 type=1 insize=30364 outsize=7638 kw=_ADDITIONAL_LIGHTS pd=UNITY_ENABLE_REFLECTION_BUFFERS UNITY_USE_DITHER_MASK_FOR_ALPHABLENDED_SHADOWS UNITY_PBS_USE_BRDF1 UNITY_SPECCUBE_BOX_PROJECTION UNITY_SPECCUBE_BLENDING UNITY_ENABLE_DETAIL_NORMALMAP SHADER_API_DESKTOP UNITY_LIGHT_PROBE_PROXY_VOLUME UNITY_LIGHTMAP_RGBM_ENCODING ok=1
Cmd: preprocess
  insize=811 outsize=209 ok=1
Cmd: preprocess
  insize=811 outsize=209 ok=1
Cmd: preprocess
  insize=811 outsize=209 ok=1
Cmd: preprocess
  insize=811 outsize=209 ok=1
Cmd: preprocess
  insize=811 outsize=209 ok=1
Cmd: preprocess
  insize=811 outsize=209 ok=1
Cmd: preprocess
  insize=811 outsize=209 ok=1
Cmd: preprocess
  insize=811 outsize=209 ok=1
Cmd: preprocess
  insize=811 outsize=209 ok=1
Cmd: preprocess
  insize=811 outsize=209 ok=1
Cmd: preprocess
  insize=811 outsize=209 ok=1
Cmd: preprocess
  insize=811 outsize=209 ok=1
Cmd: preprocess
  insize=811 outsize=209 ok=1
Cmd: preprocess
  insize=811 outsize=209 ok=1
Cmd: preprocess
  insize=811 outsize=209 ok=1
Cmd: preprocess
  insize=811 outsize=209 ok=1
Cmd: preprocess
  insize=811 outsize=209 ok=1
Cmd: preprocess
  insize=811 outsize=209 ok=1
Cmd: preprocess
  insize=811 outsize=209 ok=1
Cmd: preprocess
  insize=811 outsize=209 ok=1
Cmd: preprocess
  insize=811 outsize=209 ok=1
Cmd: preprocess
  insize=811 outsize=209 ok=1
Cmd: preprocess
  insize=811 outsize=209 ok=1
Cmd: preprocess
  insize=811 outsize=209 ok=1
Cmd: preprocess
  insize=811 outsize=209 ok=1
Cmd: preprocess
  insize=811 outsize=209 ok=1
Cmd: preprocess
  insize=811 outsize=209 ok=1
Cmd: preprocess
  insize=811 outsize=209 ok=1
Cmd: preprocess
  insize=811 outsize=209 ok=1
Cmd: preprocess
  insize=811 outsize=209 ok=1
Cmd: preprocess
  insize=811 outsize=209 ok=1
Cmd: preprocess
  insize=811 outsize=209 ok=1
Cmd: preprocess
  insize=811 outsize=209 ok=1
Cmd: preprocess
  insize=811 outsize=209 ok=1
Cmd: preprocess
  insize=811 outsize=209 ok=1
Cmd: preprocess
  insize=811 outsize=209 ok=1
Cmd: preprocess
  insize=811 outsize=209 ok=1
Cmd: preprocess
  insize=811 outsize=209 ok=1
Cmd: preprocess
  insize=811 outsize=209 ok=1
Cmd: preprocess
  insize=811 outsize=209 ok=1
Cmd: preprocess
  insize=811 outsize=209 ok=1
Cmd: preprocess
  insize=9742 outsize=714 ok=1
Cmd: preprocess
  insize=8667 outsize=726 ok=1
Cmd: preprocess
  insize=9044 outsize=830 ok=1
Cmd: preprocess
  insize=3699 outsize=601 ok=1
Cmd: preprocess
  insize=3903 outsize=598 ok=1
Cmd: preprocess
  insize=3901 outsize=597 ok=1
Cmd: preprocess
  insize=3697 outsize=601 ok=1
Cmd: preprocess
  insize=4414 outsize=604 ok=1
Cmd: preprocess
  insize=5083 outsize=608 ok=1
Cmd: preprocess
  insize=3699 outsize=601 ok=1
Cmd: preprocess
  insize=4416 outsize=604 ok=1
Cmd: preprocess
  insize=5085 outsize=607 ok=1
Cmd: preprocess
  insize=4214 outsize=608 ok=1
Cmd: preprocess
  insize=3855 outsize=604 ok=1
Cmd: preprocess
  insize=111767 outsize=3094 ok=1
Cmd: preprocess
  insize=9188 outsize=601 ok=1
Cmd: preprocess
  insize=7436 outsize=604 ok=1
Cmd: preprocess
  insize=5387 outsize=608 ok=1
Cmd: preprocess
  insize=3750 outsize=601 ok=1
Cmd: preprocess
  insize=8592 outsize=597 ok=1
Cmd: preprocess
  insize=3750 outsize=601 ok=1
Cmd: preprocess
  insize=7897 outsize=603 ok=1
Cmd: preprocess
  insize=8143 outsize=602 ok=1
Cmd: preprocess
  insize=5937 outsize=723 ok=1
Cmd: preprocess
  insize=5957 outsize=725 ok=1
Cmd: preprocess
  insize=4416 outsize=603 ok=1
Cmd: preprocess
  insize=3903 outsize=598 ok=1
Cmd: preprocess
  insize=4116 outsize=608 ok=1
Cmd: preprocess
  insize=6911 outsize=715 ok=1
Cmd: preprocess
  insize=4116 outsize=608 ok=1
Cmd: preprocess
  insize=6911 outsize=715 ok=1
Cmd: preprocess
  insize=9044 outsize=830 ok=1
Cmd: preprocess
  insize=111767 outsize=3094 ok=1
Cmd: preprocess
  insize=4214 outsize=608 ok=1
Cmd: preprocess
  insize=9742 outsize=714 ok=1
Cmd: preprocess
  insize=3697 outsize=601 ok=1
Cmd: preprocess
  insize=3901 outsize=597 ok=1
Cmd: preprocess
  insize=4414 outsize=604 ok=1
Cmd: preprocess
  insize=5083 outsize=608 ok=1
Cmd: preprocess
  insize=5937 outsize=723 ok=1
Cmd: preprocess
  insize=3699 outsize=601 ok=1
Cmd: preprocess
  insize=3903 outsize=598 ok=1
Cmd: preprocess
  insize=4416 outsize=603 ok=1
Cmd: preprocess
  insize=5387 outsize=608 ok=1
Cmd: preprocess
  insize=7436 outsize=604 ok=1
Cmd: preprocess
  insize=7897 outsize=603 ok=1
Cmd: preprocess
  insize=8143 outsize=602 ok=1
Cmd: preprocess
  insize=8592 outsize=597 ok=1
Cmd: preprocess
  insize=9188 outsize=601 ok=1
Cmd: preprocess
  insize=3699 outsize=601 ok=1
Cmd: preprocess
  insize=3903 outsize=598 ok=1
Cmd: preprocess
  insize=4416 outsize=604 ok=1
Cmd: preprocess
  insize=5085 outsize=607 ok=1
Cmd: preprocess
  insize=5957 outsize=725 ok=1
Cmd: preprocess
  insize=8667 outsize=726 ok=1
Cmd: preprocess
  insize=811 outsize=209 ok=1
Cmd: preprocess
  insize=811 outsize=209 ok=1
Cmd: preprocess
  insize=811 outsize=209 ok=1
Cmd: preprocess
  insize=811 outsize=209 ok=1
Cmd: preprocess
  insize=811 outsize=209 ok=1
Cmd: preprocess
  insize=811 outsize=209 ok=1
Cmd: preprocess
  insize=811 outsize=209 ok=1
Cmd: preprocess
  insize=811 outsize=209 ok=1
Cmd: preprocess
  insize=811 outsize=209 ok=1
Cmd: preprocess
  insize=811 outsize=209 ok=1
Cmd: preprocess
  insize=811 outsize=209 ok=1
Cmd: preprocess
  insize=811 outsize=209 ok=1
Cmd: preprocess
  insize=811 outsize=209 ok=1
Cmd: preprocess
  insize=811 outsize=209 ok=1
Cmd: preprocess
  insize=811 outsize=209 ok=1
Cmd: preprocess
  insize=811 outsize=209 ok=1
Cmd: preprocess
  insize=811 outsize=209 ok=1
Cmd: preprocess
  insize=811 outsize=209 ok=1
Cmd: preprocess
  insize=811 outsize=209 ok=1
Cmd: preprocess
  insize=811 outsize=209 ok=1
Cmd: preprocess
  insize=811 outsize=209 ok=1
Cmd: preprocess
  insize=811 outsize=209 ok=1
Cmd: preprocess
  insize=811 outsize=209 ok=1
Cmd: preprocess
  insize=811 outsize=209 ok=1
Cmd: preprocess
  insize=811 outsize=209 ok=1
Cmd: preprocess
  insize=811 outsize=209 ok=1
Cmd: preprocess
  insize=811 outsize=209 ok=1
Cmd: preprocess
  insize=811 outsize=209 ok=1
Cmd: preprocess
  insize=811 outsize=209 ok=1
Cmd: preprocess
  insize=811 outsize=209 ok=1
Cmd: preprocess
  insize=811 outsize=209 ok=1
Cmd: preprocess
  insize=811 outsize=209 ok=1
Cmd: preprocess
  insize=811 outsize=209 ok=1
Cmd: preprocess
  insize=811 outsize=209 ok=1
Cmd: preprocess
  insize=811 outsize=209 ok=1
Cmd: preprocess
  insize=811 outsize=209 ok=1
Cmd: preprocess
  insize=811 outsize=209 ok=1
Cmd: preprocess
  insize=811 outsize=209 ok=1
Cmd: preprocess
  insize=811 outsize=209 ok=1
Cmd: preprocess
  insize=811 outsize=209 ok=1
Cmd: preprocess
  insize=811 outsize=209 ok=1
Cmd: preprocess
  insize=9742 outsize=714 ok=1
Cmd: preprocess
  insize=8667 outsize=726 ok=1
Cmd: preprocess
  insize=9044 outsize=830 ok=1
Cmd: preprocess
  insize=3699 outsize=601 ok=1
Cmd: preprocess
  insize=3903 outsize=598 ok=1
Cmd: preprocess
  insize=3901 outsize=597 ok=1
Cmd: preprocess
  insize=3697 outsize=601 ok=1
Cmd: preprocess
  insize=4414 outsize=604 ok=1
Cmd: preprocess
  insize=5083 outsize=608 ok=1
Cmd: preprocess
  insize=3699 outsize=601 ok=1
Cmd: preprocess
  insize=4416 outsize=604 ok=1
Cmd: preprocess
  insize=5085 outsize=607 ok=1
Cmd: preprocess
  insize=4214 outsize=608 ok=1
Cmd: preprocess
  insize=3855 outsize=604 ok=1
Cmd: preprocess
  insize=111767 outsize=3094 ok=1
Cmd: preprocess
  insize=9188 outsize=601 ok=1
Cmd: preprocess
  insize=7436 outsize=604 ok=1
Cmd: preprocess
  insize=5387 outsize=608 ok=1
Cmd: preprocess
  insize=3750 outsize=601 ok=1
Cmd: preprocess
  insize=8592 outsize=597 ok=1
Cmd: preprocess
  insize=3750 outsize=601 ok=1
Cmd: preprocess
  insize=7897 outsize=603 ok=1
Cmd: preprocess
  insize=8143 outsize=602 ok=1
Cmd: preprocess
  insize=5937 outsize=723 ok=1
Cmd: preprocess
  insize=5957 outsize=725 ok=1
Cmd: preprocess
  insize=4416 outsize=603 ok=1
Cmd: preprocess
  insize=3903 outsize=598 ok=1
Cmd: preprocess
  insize=4116 outsize=608 ok=1
Cmd: preprocess
  insize=6911 outsize=715 ok=1
Cmd: preprocess
  insize=4116 outsize=608 ok=1
Cmd: preprocess
  insize=6911 outsize=715 ok=1
Cmd: preprocess
  insize=9044 outsize=830 ok=1
Cmd: preprocess
  insize=111767 outsize=3094 ok=1
Cmd: preprocess
  insize=4214 outsize=608 ok=1
Cmd: preprocess
  insize=9742 outsize=714 ok=1
Cmd: preprocess
  insize=3697 outsize=601 ok=1
Cmd: preprocess
  insize=3901 outsize=597 ok=1
Cmd: preprocess
  insize=4414 outsize=604 ok=1
Cmd: preprocess
  insize=5083 outsize=608 ok=1
Cmd: preprocess
  insize=5937 outsize=723 ok=1
Cmd: preprocess
  insize=3699 outsize=601 ok=1
Cmd: preprocess
  insize=3903 outsize=598 ok=1
Cmd: preprocess
  insize=4416 outsize=603 ok=1
Cmd: preprocess
  insize=5387 outsize=608 ok=1
Cmd: preprocess
  insize=7436 outsize=604 ok=1
Cmd: preprocess
  insize=7897 outsize=603 ok=1
Cmd: preprocess
  insize=8143 outsize=602 ok=1
Cmd: preprocess
  insize=8592 outsize=597 ok=1
Cmd: preprocess
  insize=9188 outsize=601 ok=1
Cmd: preprocess
  insize=3699 outsize=601 ok=1
Cmd: preprocess
  insize=3903 outsize=598 ok=1
Cmd: preprocess
  insize=4416 outsize=604 ok=1
Cmd: preprocess
  insize=5085 outsize=607 ok=1
Cmd: preprocess
  insize=5957 outsize=725 ok=1
Cmd: preprocess
  insize=8667 outsize=726 ok=1
Cmd: preprocess
  insize=103986 outsize=3116 ok=1
Cmd: compileSnippet
  error: 1 plat 4 at (526): implicit truncation of vector type\nCompiling Vertex program with _ADDITIONAL_LIGHTS
Platform defines: UNITY_ENABLE_REFLECTION_BUFFERS UNITY_USE_DITHER_MASK_FOR_ALPHABLENDED_SHADOWS UNITY_PBS_USE_BRDF1 UNITY_SPECCUBE_BOX_PROJECTION UNITY_SPECCUBE_BLENDING UNITY_ENABLE_DETAIL_NORMALMAP SHADER_API_DESKTOP UNITY_LIGHT_PROBE_PROXY_VOLUME UNITY_LIGHTMAP_RGBM_ENCODING
  api=4 type=0 insize=28363 outsize=4522 kw=_ADDITIONAL_LIGHTS pd=UNITY_ENABLE_REFLECTION_BUFFERS UNITY_USE_DITHER_MASK_FOR_ALPHABLENDED_SHADOWS UNITY_PBS_USE_BRDF1 UNITY_SPECCUBE_BOX_PROJECTION UNITY_SPECCUBE_BLENDING UNITY_ENABLE_DETAIL_NORMALMAP SHADER_API_DESKTOP UNITY_LIGHT_PROBE_PROXY_VOLUME UNITY_LIGHTMAP_RGBM_ENCODING ok=1
Cmd: compileSnippet
  error: 1 plat 4 at (526): implicit truncation of vector type\nCompiling Fragment program with _ADDITIONAL_LIGHTS
Platform defines: UNITY_ENABLE_REFLECTION_BUFFERS UNITY_USE_DITHER_MASK_FOR_ALPHABLENDED_SHADOWS UNITY_PBS_USE_BRDF1 UNITY_SPECCUBE_BOX_PROJECTION UNITY_SPECCUBE_BLENDING UNITY_ENABLE_DETAIL_NORMALMAP SHADER_API_DESKTOP UNITY_LIGHT_PROBE_PROXY_VOLUME UNITY_LIGHTMAP_RGBM_ENCODING
  api=4 type=1 insize=28363 outsize=6590 kw=_ADDITIONAL_LIGHTS pd=UNITY_ENABLE_REFLECTION_BUFFERS UNITY_USE_DITHER_MASK_FOR_ALPHABLENDED_SHADOWS UNITY_PBS_USE_BRDF1 UNITY_SPECCUBE_BOX_PROJECTION UNITY_SPECCUBE_BLENDING UNITY_ENABLE_DETAIL_NORMALMAP SHADER_API_DESKTOP UNITY_LIGHT_PROBE_PROXY_VOLUME UNITY_LIGHTMAP_RGBM_ENCODING ok=1
Cmd: preprocess
  insize=7353 outsize=714 ok=1
Cmd: preprocess
  insize=106468 outsize=2980 ok=1
Cmd: compileSnippet
  error: 1 plat 4 at (1311): implicit truncation of vector type\nCompiling Vertex program
Platform defines: UNITY_ENABLE_REFLECTION_BUFFERS UNITY_USE_DITHER_MASK_FOR_ALPHABLENDED_SHADOWS UNITY_PBS_USE_BRDF1 UNITY_SPECCUBE_BOX_PROJECTION UNITY_SPECCUBE_BLENDING UNITY_ENABLE_DETAIL_NORMALMAP SHADER_API_DESKTOP UNITY_LIGHT_PROBE_PROXY_VOLUME UNITY_LIGHTMAP_RGBM_ENCODING
  api=4 type=0 insize=16989 outsize=3590 kw= pd=UNITY_ENABLE_REFLECTION_BUFFERS UNITY_USE_DITHER_MASK_FOR_ALPHABLENDED_SHADOWS UNITY_PBS_USE_BRDF1 UNITY_SPECCUBE_BOX_PROJECTION UNITY_SPECCUBE_BLENDING UNITY_ENABLE_DETAIL_NORMALMAP SHADER_API_DESKTOP UNITY_LIGHT_PROBE_PROXY_VOLUME UNITY_LIGHTMAP_RGBM_ENCODING ok=1
Cmd: compileSnippet
  error: 1 plat 4 at (374): implicit truncation of vector type\nCompiling Fragment program with _ADDITIONAL_LIGHTS
Platform defines: UNITY_ENABLE_REFLECTION_BUFFERS UNITY_USE_DITHER_MASK_FOR_ALPHABLENDED_SHADOWS UNITY_PBS_USE_BRDF1 UNITY_SPECCUBE_BOX_PROJECTION UNITY_SPECCUBE_BLENDING UNITY_ENABLE_DETAIL_NORMALMAP SHADER_API_DESKTOP UNITY_LIGHT_PROBE_PROXY_VOLUME UNITY_LIGHTMAP_RGBM_ENCODING
  error: 1 plat 4 at (536): implicit truncation of vector type\nCompiling Fragment program with _ADDITIONAL_LIGHTS
Platform defines: UNITY_ENABLE_REFLECTION_BUFFERS UNITY_USE_DITHER_MASK_FOR_ALPHABLENDED_SHADOWS UNITY_PBS_USE_BRDF1 UNITY_SPECCUBE_BOX_PROJECTION UNITY_SPECCUBE_BLENDING UNITY_ENABLE_DETAIL_NORMALMAP SHADER_API_DESKTOP UNITY_LIGHT_PROBE_PROXY_VOLUME UNITY_LIGHTMAP_RGBM_ENCODING
  api=4 type=1 insize=28636 outsize=7346 kw=_ADDITIONAL_LIGHTS pd=UNITY_ENABLE_REFLECTION_BUFFERS UNITY_USE_DITHER_MASK_FOR_ALPHABLENDED_SHADOWS UNITY_PBS_USE_BRDF1 UNITY_SPECCUBE_BOX_PROJECTION UNITY_SPECCUBE_BLENDING UNITY_ENABLE_DETAIL_NORMALMAP SHADER_API_DESKTOP UNITY_LIGHT_PROBE_PROXY_VOLUME UNITY_LIGHTMAP_RGBM_ENCODING ok=1
Cmd: preprocess
  insize=9044 outsize=830 ok=1
Cmd: preprocess
  insize=111767 outsize=3094 ok=1
Cmd: preprocess
  insize=6364 outsize=714 ok=1
Cmd: preprocess
  insize=105005 outsize=3094 ok=1
Cmd: preprocess
  insize=9044 outsize=830 ok=1
Cmd: preprocess
  insize=111767 outsize=3094 ok=1
Cmd: preprocess
  insize=97050 outsize=2979 ok=1
Cmd: compileSnippet
  error: 1 plat 4 at (1288): implicit truncation of vector type\nCompiling Vertex program
Platform defines: UNITY_ENABLE_REFLECTION_BUFFERS UNITY_USE_DITHER_MASK_FOR_ALPHABLENDED_SHADOWS UNITY_PBS_USE_BRDF1 UNITY_SPECCUBE_BOX_PROJECTION UNITY_SPECCUBE_BLENDING UNITY_ENABLE_DETAIL_NORMALMAP SHADER_API_DESKTOP UNITY_LIGHT_PROBE_PROXY_VOLUME UNITY_LIGHTMAP_RGBM_ENCODING
  api=4 type=0 insize=17039 outsize=3590 kw= pd=UNITY_ENABLE_REFLECTION_BUFFERS UNITY_USE_DITHER_MASK_FOR_ALPHABLENDED_SHADOWS UNITY_PBS_USE_BRDF1 UNITY_SPECCUBE_BOX_PROJECTION UNITY_SPECCUBE_BLENDING UNITY_ENABLE_DETAIL_NORMALMAP SHADER_API_DESKTOP UNITY_LIGHT_PROBE_PROXY_VOLUME UNITY_LIGHTMAP_RGBM_ENCODING ok=1
Cmd: compileSnippet
  error: 1 plat 4 at (347): implicit truncation of vector type\nCompiling Fragment program with _ADDITIONAL_LIGHTS
Platform defines: UNITY_ENABLE_REFLECTION_BUFFERS UNITY_USE_DITHER_MASK_FOR_ALPHABLENDED_SHADOWS UNITY_PBS_USE_BRDF1 UNITY_SPECCUBE_BOX_PROJECTION UNITY_SPECCUBE_BLENDING UNITY_ENABLE_DETAIL_NORMALMAP SHADER_API_DESKTOP UNITY_LIGHT_PROBE_PROXY_VOLUME UNITY_LIGHTMAP_RGBM_ENCODING
  error: 1 plat 4 at (349): implicit truncation of vector type\nCompiling Fragment program with _ADDITIONAL_LIGHTS
Platform defines: UNITY_ENABLE_REFLECTION_BUFFERS UNITY_USE_DITHER_MASK_FOR_ALPHABLENDED_SHADOWS UNITY_PBS_USE_BRDF1 UNITY_SPECCUBE_BOX_PROJECTION UNITY_SPECCUBE_BLENDING UNITY_ENABLE_DETAIL_NORMALMAP SHADER_API_DESKTOP UNITY_LIGHT_PROBE_PROXY_VOLUME UNITY_LIGHTMAP_RGBM_ENCODING
  error: 1 plat 4 at (511): implicit truncation of vector type\nCompiling Fragment program with _ADDITIONAL_LIGHTS
Platform defines: UNITY_ENABLE_REFLECTION_BUFFERS UNITY_USE_DITHER_MASK_FOR_ALPHABLENDED_SHADOWS UNITY_PBS_USE_BRDF1 UNITY_SPECCUBE_BOX_PROJECTION UNITY_SPECCUBE_BLENDING UNITY_ENABLE_DETAIL_NORMALMAP SHADER_API_DESKTOP UNITY_LIGHT_PROBE_PROXY_VOLUME UNITY_LIGHTMAP_RGBM_ENCODING
  api=4 type=1 insize=27048 outsize=7066 kw=_ADDITIONAL_LIGHTS pd=UNITY_ENABLE_REFLECTION_BUFFERS UNITY_USE_DITHER_MASK_FOR_ALPHABLENDED_SHADOWS UNITY_PBS_USE_BRDF1 UNITY_SPECCUBE_BOX_PROJECTION UNITY_SPECCUBE_BLENDING UNITY_ENABLE_DETAIL_NORMALMAP SHADER_API_DESKTOP UNITY_LIGHT_PROBE_PROXY_VOLUME UNITY_LIGHTMAP_RGBM_ENCODING ok=1
Cmd: preprocess
  insize=811 outsize=209 ok=1
Cmd: preprocess
  insize=9922 outsize=956 ok=1
Cmd: compileSnippet
  error: 1 plat 4 at (184): 'TransformObjectToWorld': implicit truncation of vector type\nCompiling Vertex program
Platform defines: UNITY_ENABLE_REFLECTION_BUFFERS UNITY_USE_DITHER_MASK_FOR_ALPHABLENDED_SHADOWS UNITY_PBS_USE_BRDF1 UNITY_SPECCUBE_BOX_PROJECTION UNITY_SPECCUBE_BLENDING UNITY_ENABLE_DETAIL_NORMALMAP SHADER_API_DESKTOP UNITY_LIGHT_PROBE_PROXY_VOLUME UNITY_LIGHTMAP_RGBM_ENCODING
  api=4 type=0 insize=9303 outsize=642 kw= pd=UNITY_ENABLE_REFLECTION_BUFFERS UNITY_USE_DITHER_MASK_FOR_ALPHABLENDED_SHADOWS UNITY_PBS_USE_BRDF1 UNITY_SPECCUBE_BOX_PROJECTION UNITY_SPECCUBE_BLENDING UNITY_ENABLE_DETAIL_NORMALMAP SHADER_API_DESKTOP UNITY_LIGHT_PROBE_PROXY_VOLUME UNITY_LIGHTMAP_RGBM_ENCODING ok=1
Cmd: preprocess
  insize=811 outsize=209 ok=1
Cmd: preprocess
  insize=4428 outsize=724 ok=1
Cmd: preprocess
  insize=4428 outsize=724 ok=1
Cmd: preprocess
  insize=811 outsize=209 ok=1
Cmd: preprocess
  insize=99552 outsize=2980 ok=1
Cmd: compileSnippet
  error: 1 plat 4 at (1292): implicit truncation of vector type\nCompiling Vertex program
Platform defines: UNITY_ENABLE_REFLECTION_BUFFERS UNITY_USE_DITHER_MASK_FOR_ALPHABLENDED_SHADOWS UNITY_PBS_USE_BRDF1 UNITY_SPECCUBE_BOX_PROJECTION UNITY_SPECCUBE_BLENDING UNITY_ENABLE_DETAIL_NORMALMAP SHADER_API_DESKTOP UNITY_LIGHT_PROBE_PROXY_VOLUME UNITY_LIGHTMAP_RGBM_ENCODING
  api=4 type=0 insize=16989 outsize=3590 kw= pd=UNITY_ENABLE_REFLECTION_BUFFERS UNITY_USE_DITHER_MASK_FOR_ALPHABLENDED_SHADOWS UNITY_PBS_USE_BRDF1 UNITY_SPECCUBE_BOX_PROJECTION UNITY_SPECCUBE_BLENDING UNITY_ENABLE_DETAIL_NORMALMAP SHADER_API_DESKTOP UNITY_LIGHT_PROBE_PROXY_VOLUME UNITY_LIGHTMAP_RGBM_ENCODING ok=1
Cmd: compileSnippet
  error: 1 plat 4 at (355): implicit truncation of vector type\nCompiling Vertex program with _ADDITIONAL_LIGHTS
Platform defines: UNITY_ENABLE_REFLECTION_BUFFERS UNITY_USE_DITHER_MASK_FOR_ALPHABLENDED_SHADOWS UNITY_PBS_USE_BRDF1 UNITY_SPECCUBE_BOX_PROJECTION UNITY_SPECCUBE_BLENDING UNITY_ENABLE_DETAIL_NORMALMAP SHADER_API_DESKTOP UNITY_LIGHT_PROBE_PROXY_VOLUME UNITY_LIGHTMAP_RGBM_ENCODING
  error: 1 plat 4 at (517): implicit truncation of vector type\nCompiling Vertex program with _ADDITIONAL_LIGHTS
Platform defines: UNITY_ENABLE_REFLECTION_BUFFERS UNITY_USE_DITHER_MASK_FOR_ALPHABLENDED_SHADOWS UNITY_PBS_USE_BRDF1 UNITY_SPECCUBE_BOX_PROJECTION UNITY_SPECCUBE_BLENDING UNITY_ENABLE_DETAIL_NORMALMAP SHADER_API_DESKTOP UNITY_LIGHT_PROBE_PROXY_VOLUME UNITY_LIGHTMAP_RGBM_ENCODING
  api=4 type=0 insize=27630 outsize=4662 kw=_ADDITIONAL_LIGHTS pd=UNITY_ENABLE_REFLECTION_BUFFERS UNITY_USE_DITHER_MASK_FOR_ALPHABLENDED_SHADOWS UNITY_PBS_USE_BRDF1 UNITY_SPECCUBE_BOX_PROJECTION UNITY_SPECCUBE_BLENDING UNITY_ENABLE_DETAIL_NORMALMAP SHADER_API_DESKTOP UNITY_LIGHT_PROBE_PROXY_VOLUME UNITY_LIGHTMAP_RGBM_ENCODING ok=1
Cmd: compileSnippet
  error: 1 plat 4 at (355): implicit truncation of vector type\nCompiling Fragment program with _ADDITIONAL_LIGHTS
Platform defines: UNITY_ENABLE_REFLECTION_BUFFERS UNITY_USE_DITHER_MASK_FOR_ALPHABLENDED_SHADOWS UNITY_PBS_USE_BRDF1 UNITY_SPECCUBE_BOX_PROJECTION UNITY_SPECCUBE_BLENDING UNITY_ENABLE_DETAIL_NORMALMAP SHADER_API_DESKTOP UNITY_LIGHT_PROBE_PROXY_VOLUME UNITY_LIGHTMAP_RGBM_ENCODING
  error: 1 plat 4 at (517): implicit truncation of vector type\nCompiling Fragment program with _ADDITIONAL_LIGHTS
Platform defines: UNITY_ENABLE_REFLECTION_BUFFERS UNITY_USE_DITHER_MASK_FOR_ALPHABLENDED_SHADOWS UNITY_PBS_USE_BRDF1 UNITY_SPECCUBE_BOX_PROJECTION UNITY_SPECCUBE_BLENDING UNITY_ENABLE_DETAIL_NORMALMAP SHADER_API_DESKTOP UNITY_LIGHT_PROBE_PROXY_VOLUME UNITY_LIGHTMAP_RGBM_ENCODING
  api=4 type=1 insize=27630 outsize=7122 kw=_ADDITIONAL_LIGHTS pd=UNITY_ENABLE_REFLECTION_BUFFERS UNITY_USE_DITHER_MASK_FOR_ALPHABLENDED_SHADOWS UNITY_PBS_USE_BRDF1 UNITY_SPECCUBE_BOX_PROJECTION UNITY_SPECCUBE_BLENDING UNITY_ENABLE_DETAIL_NORMALMAP SHADER_API_DESKTOP UNITY_LIGHT_PROBE_PROXY_VOLUME UNITY_LIGHTMAP_RGBM_ENCODING ok=1
Cmd: preprocess
  insize=93549 outsize=3001 ok=1
Cmd: compileSnippet
  error: 1 plat 4 at (871): implicit truncation of vector type\nCompiling Vertex program with UNITY_PASS_SHADOWCASTER
Platform defines: UNITY_ENABLE_REFLECTION_BUFFERS UNITY_USE_DITHER_MASK_FOR_ALPHABLENDED_SHADOWS UNITY_PBS_USE_BRDF1 UNITY_SPECCUBE_BOX_PROJECTION UNITY_SPECCUBE_BLENDING UNITY_ENABLE_DETAIL_NORMALMAP SHADER_API_DESKTOP UNITY_LIGHT_PROBE_PROXY_VOLUME UNITY_LIGHTMAP_RGBM_ENCODING
  api=4 type=0 insize=15904 outsize=3886 kw=UNITY_PASS_SHADOWCASTER pd=UNITY_ENABLE_REFLECTION_BUFFERS UNITY_USE_DITHER_MASK_FOR_ALPHABLENDED_SHADOWS UNITY_PBS_USE_BRDF1 UNITY_SPECCUBE_BOX_PROJECTION UNITY_SPECCUBE_BLENDING UNITY_ENABLE_DETAIL_NORMALMAP SHADER_API_DESKTOP UNITY_LIGHT_PROBE_PROXY_VOLUME UNITY_LIGHTMAP_RGBM_ENCODING ok=1
Cmd: compileSnippet
  error: 1 plat 4 at (871): implicit truncation of vector type\nCompiling Fragment program with UNITY_PASS_SHADOWCASTER
Platform defines: UNITY_ENABLE_REFLECTION_BUFFERS UNITY_USE_DITHER_MASK_FOR_ALPHABLENDED_SHADOWS UNITY_PBS_USE_BRDF1 UNITY_SPECCUBE_BOX_PROJECTION UNITY_SPECCUBE_BLENDING UNITY_ENABLE_DETAIL_NORMALMAP SHADER_API_DESKTOP UNITY_LIGHT_PROBE_PROXY_VOLUME UNITY_LIGHTMAP_RGBM_ENCODING
  api=4 type=1 insize=15904 outsize=218 kw=UNITY_PASS_SHADOWCASTER pd=UNITY_ENABLE_REFLECTION_BUFFERS UNITY_USE_DITHER_MASK_FOR_ALPHABLENDED_SHADOWS UNITY_PBS_USE_BRDF1 UNITY_SPECCUBE_BOX_PROJECTION UNITY_SPECCUBE_BLENDING UNITY_ENABLE_DETAIL_NORMALMAP SHADER_API_DESKTOP UNITY_LIGHT_PROBE_PROXY_VOLUME UNITY_LIGHTMAP_RGBM_ENCODING ok=1
Cmd: compileSnippet
  error: 1 plat 4 at (1234): implicit truncation of vector type\nCompiling Vertex program
Platform defines: UNITY_ENABLE_REFLECTION_BUFFERS UNITY_USE_DITHER_MASK_FOR_ALPHABLENDED_SHADOWS UNITY_PBS_USE_BRDF1 UNITY_SPECCUBE_BOX_PROJECTION UNITY_SPECCUBE_BLENDING UNITY_ENABLE_DETAIL_NORMALMAP SHADER_API_DESKTOP UNITY_LIGHT_PROBE_PROXY_VOLUME UNITY_LIGHTMAP_RGBM_ENCODING
  api=4 type=0 insize=15898 outsize=3450 kw= pd=UNITY_ENABLE_REFLECTION_BUFFERS UNITY_USE_DITHER_MASK_FOR_ALPHABLENDED_SHADOWS UNITY_PBS_USE_BRDF1 UNITY_SPECCUBE_BOX_PROJECTION UNITY_SPECCUBE_BLENDING UNITY_ENABLE_DETAIL_NORMALMAP SHADER_API_DESKTOP UNITY_LIGHT_PROBE_PROXY_VOLUME UNITY_LIGHTMAP_RGBM_ENCODING ok=1
Cmd: compileSnippet
  error: 1 plat 4 at (1234): implicit truncation of vector type\nCompiling Fragment program
Platform defines: UNITY_ENABLE_REFLECTION_BUFFERS UNITY_USE_DITHER_MASK_FOR_ALPHABLENDED_SHADOWS UNITY_PBS_USE_BRDF1 UNITY_SPECCUBE_BOX_PROJECTION UNITY_SPECCUBE_BLENDING UNITY_ENABLE_DETAIL_NORMALMAP SHADER_API_DESKTOP UNITY_LIGHT_PROBE_PROXY_VOLUME UNITY_LIGHTMAP_RGBM_ENCODING
  api=4 type=1 insize=15898 outsize=218 kw= pd=UNITY_ENABLE_REFLECTION_BUFFERS UNITY_USE_DITHER_MASK_FOR_ALPHABLENDED_SHADOWS UNITY_PBS_USE_BRDF1 UNITY_SPECCUBE_BOX_PROJECTION UNITY_SPECCUBE_BLENDING UNITY_ENABLE_DETAIL_NORMALMAP SHADER_API_DESKTOP UNITY_LIGHT_PROBE_PROXY_VOLUME UNITY_LIGHTMAP_RGBM_ENCODING ok=1
Cmd: compileSnippet
  error: 1 plat 4 at (493): implicit truncation of vector type\nCompiling Vertex program with _ADDITIONAL_LIGHTS
Platform defines: UNITY_ENABLE_REFLECTION_BUFFERS UNITY_USE_DITHER_MASK_FOR_ALPHABLENDED_SHADOWS UNITY_PBS_USE_BRDF1 UNITY_SPECCUBE_BOX_PROJECTION UNITY_SPECCUBE_BLENDING UNITY_ENABLE_DETAIL_NORMALMAP SHADER_API_DESKTOP UNITY_LIGHT_PROBE_PROXY_VOLUME UNITY_LIGHTMAP_RGBM_ENCODING
  api=4 type=0 insize=26039 outsize=4522 kw=_ADDITIONAL_LIGHTS pd=UNITY_ENABLE_REFLECTION_BUFFERS UNITY_USE_DITHER_MASK_FOR_ALPHABLENDED_SHADOWS UNITY_PBS_USE_BRDF1 UNITY_SPECCUBE_BOX_PROJECTION UNITY_SPECCUBE_BLENDING UNITY_ENABLE_DETAIL_NORMALMAP SHADER_API_DESKTOP UNITY_LIGHT_PROBE_PROXY_VOLUME UNITY_LIGHTMAP_RGBM_ENCODING ok=1
Cmd: compileSnippet
  error: 1 plat 4 at (493): implicit truncation of vector type\nCompiling Fragment program with _ADDITIONAL_LIGHTS
Platform defines: UNITY_ENABLE_REFLECTION_BUFFERS UNITY_USE_DITHER_MASK_FOR_ALPHABLENDED_SHADOWS UNITY_PBS_USE_BRDF1 UNITY_SPECCUBE_BOX_PROJECTION UNITY_SPECCUBE_BLENDING UNITY_ENABLE_DETAIL_NORMALMAP SHADER_API_DESKTOP UNITY_LIGHT_PROBE_PROXY_VOLUME UNITY_LIGHTMAP_RGBM_ENCODING
  api=4 type=1 insize=26039 outsize=6130 kw=_ADDITIONAL_LIGHTS pd=UNITY_ENABLE_REFLECTION_BUFFERS UNITY_USE_DITHER_MASK_FOR_ALPHABLENDED_SHADOWS UNITY_PBS_USE_BRDF1 UNITY_SPECCUBE_BOX_PROJECTION UNITY_SPECCUBE_BLENDING UNITY_ENABLE_DETAIL_NORMALMAP SHADER_API_DESKTOP UNITY_LIGHT_PROBE_PROXY_VOLUME UNITY_LIGHTMAP_RGBM_ENCODING ok=1
Cmd: preprocess
  insize=99552 outsize=2980 ok=1
Cmd: preprocess
  insize=99552 outsize=2980 ok=1
Cmd: preprocess
  insize=97050 outsize=2979 ok=1
Cmd: preprocess
  insize=111767 outsize=3094 ok=1
Cmd: preprocess
  insize=811 outsize=209 ok=1
Cmd: preprocess
  insize=811 outsize=209 ok=1
Cmd: preprocess
  insize=811 outsize=209 ok=1
Cmd: preprocess
  insize=811 outsize=209 ok=1
Cmd: preprocess
  insize=811 outsize=209 ok=1
Cmd: preprocess
  insize=811 outsize=209 ok=1
Cmd: preprocess
  insize=811 outsize=209 ok=1
Cmd: preprocess
  insize=811 outsize=209 ok=1
Cmd: preprocess
  insize=811 outsize=209 ok=1
Cmd: preprocess
  insize=811 outsize=209 ok=1
Cmd: preprocess
  insize=811 outsize=209 ok=1
Cmd: preprocess
  insize=811 outsize=209 ok=1
Cmd: preprocess
  insize=811 outsize=209 ok=1
Cmd: preprocess
  insize=811 outsize=209 ok=1
Cmd: preprocess
  insize=811 outsize=209 ok=1
Cmd: preprocess
  insize=811 outsize=209 ok=1
Cmd: preprocess
  insize=811 outsize=209 ok=1
Cmd: preprocess
  insize=811 outsize=209 ok=1
Cmd: preprocess
  insize=811 outsize=209 ok=1
Cmd: preprocess
  insize=811 outsize=209 ok=1
Cmd: preprocess
  insize=811 outsize=209 ok=1
Cmd: preprocess
  insize=811 outsize=209 ok=1
Cmd: preprocess
  insize=811 outsize=209 ok=1
Cmd: preprocess
  insize=811 outsize=209 ok=1
Cmd: preprocess
  insize=811 outsize=209 ok=1
Cmd: preprocess
  insize=811 outsize=209 ok=1
Cmd: preprocess
  insize=811 outsize=209 ok=1
Cmd: preprocess
  insize=811 outsize=209 ok=1
Cmd: preprocess
  insize=811 outsize=209 ok=1
Cmd: preprocess
  insize=811 outsize=209 ok=1
Cmd: preprocess
  insize=811 outsize=209 ok=1
Cmd: preprocess
  insize=811 outsize=209 ok=1
Cmd: preprocess
  insize=811 outsize=209 ok=1
Cmd: preprocess
  insize=811 outsize=209 ok=1
Cmd: preprocess
  insize=811 outsize=209 ok=1
Cmd: preprocess
  insize=811 outsize=209 ok=1
Cmd: preprocess
  insize=811 outsize=209 ok=1
Cmd: preprocess
  insize=811 outsize=209 ok=1
Cmd: preprocess
  insize=811 outsize=209 ok=1
Cmd: preprocess
  insize=811 outsize=209 ok=1
Cmd: preprocess
  insize=811 outsize=209 ok=1
Cmd: preprocess
  insize=9742 outsize=714 ok=1
Cmd: preprocess
  insize=8667 outsize=726 ok=1
Cmd: preprocess
  insize=9044 outsize=830 ok=1
Cmd: preprocess
  insize=3699 outsize=601 ok=1
Cmd: preprocess
  insize=3903 outsize=598 ok=1
Cmd: preprocess
  insize=3901 outsize=597 ok=1
Cmd: preprocess
  insize=3697 outsize=601 ok=1
Cmd: preprocess
  insize=4414 outsize=604 ok=1
Cmd: preprocess
  insize=5083 outsize=608 ok=1
Cmd: preprocess
  insize=3699 outsize=601 ok=1
Cmd: preprocess
  insize=4416 outsize=604 ok=1
Cmd: preprocess
  insize=5085 outsize=607 ok=1
Cmd: preprocess
  insize=4214 outsize=608 ok=1
Cmd: preprocess
  insize=3855 outsize=604 ok=1
Cmd: preprocess
  insize=111767 outsize=3094 ok=1
Cmd: preprocess
  insize=9188 outsize=601 ok=1
Cmd: preprocess
  insize=7436 outsize=604 ok=1
Cmd: preprocess
  insize=5387 outsize=608 ok=1
Cmd: preprocess
  insize=3750 outsize=601 ok=1
Cmd: preprocess
  insize=8592 outsize=597 ok=1
Cmd: preprocess
  insize=3750 outsize=601 ok=1
Cmd: preprocess
  insize=7897 outsize=603 ok=1
Cmd: preprocess
  insize=8143 outsize=602 ok=1
Cmd: preprocess
  insize=5937 outsize=723 ok=1
Cmd: preprocess
  insize=5957 outsize=725 ok=1
Cmd: preprocess
  insize=4416 outsize=603 ok=1
Cmd: preprocess
  insize=3903 outsize=598 ok=1
Cmd: preprocess
  insize=4116 outsize=608 ok=1
Cmd: preprocess
  insize=6911 outsize=715 ok=1
Cmd: preprocess
  insize=4116 outsize=608 ok=1
Cmd: preprocess
  insize=6911 outsize=715 ok=1
Cmd: preprocess
  insize=9044 outsize=830 ok=1
Cmd: preprocess
  insize=111767 outsize=3094 ok=1
Cmd: preprocess
  insize=4214 outsize=608 ok=1
Cmd: preprocess
  insize=9742 outsize=714 ok=1
Cmd: preprocess
  insize=3697 outsize=601 ok=1
Cmd: preprocess
  insize=3901 outsize=597 ok=1
Cmd: preprocess
  insize=4414 outsize=604 ok=1
Cmd: preprocess
  insize=5083 outsize=608 ok=1
Cmd: preprocess
  insize=5937 outsize=723 ok=1
Cmd: preprocess
  insize=3699 outsize=601 ok=1
Cmd: preprocess
  insize=3903 outsize=598 ok=1
Cmd: preprocess
  insize=4416 outsize=603 ok=1
Cmd: preprocess
  insize=5387 outsize=608 ok=1
Cmd: preprocess
  insize=7436 outsize=604 ok=1
Cmd: preprocess
  insize=7897 outsize=603 ok=1
Cmd: preprocess
  insize=8143 outsize=602 ok=1
Cmd: preprocess
  insize=8592 outsize=597 ok=1
Cmd: preprocess
  insize=9188 outsize=601 ok=1
Cmd: preprocess
  insize=3699 outsize=601 ok=1
Cmd: preprocess
  insize=3903 outsize=598 ok=1
Cmd: preprocess
  insize=4416 outsize=604 ok=1
Cmd: preprocess
  insize=5085 outsize=607 ok=1
Cmd: preprocess
  insize=5957 outsize=725 ok=1
Cmd: preprocess
  insize=8667 outsize=726 ok=1
Cmd: preprocess
  insize=811 outsize=209 ok=1
Cmd: preprocess
  insize=811 outsize=209 ok=1
Cmd: preprocess
  insize=811 outsize=209 ok=1
Cmd: preprocess
  insize=811 outsize=209 ok=1
Cmd: preprocess
  insize=811 outsize=209 ok=1
Cmd: preprocess
  insize=811 outsize=209 ok=1
Cmd: preprocess
  insize=811 outsize=209 ok=1
Cmd: preprocess
  insize=811 outsize=209 ok=1
Cmd: preprocess
  insize=811 outsize=209 ok=1
Cmd: preprocess
  insize=811 outsize=209 ok=1
Cmd: preprocess
  insize=811 outsize=209 ok=1
Cmd: preprocess
  insize=811 outsize=209 ok=1
Cmd: preprocess
  insize=811 outsize=209 ok=1
Cmd: preprocess
  insize=811 outsize=209 ok=1
Cmd: preprocess
  insize=811 outsize=209 ok=1
Cmd: preprocess
  insize=811 outsize=209 ok=1
Cmd: preprocess
  insize=811 outsize=209 ok=1
Cmd: preprocess
  insize=811 outsize=209 ok=1
Cmd: preprocess
  insize=811 outsize=209 ok=1
Cmd: preprocess
  insize=811 outsize=209 ok=1
Cmd: preprocess
  insize=811 outsize=209 ok=1
Cmd: preprocess
  insize=811 outsize=209 ok=1
Cmd: preprocess
  insize=811 outsize=209 ok=1
Cmd: preprocess
  insize=811 outsize=209 ok=1
Cmd: preprocess
  insize=811 outsize=209 ok=1
Cmd: preprocess
  insize=811 outsize=209 ok=1
Cmd: preprocess
  insize=811 outsize=209 ok=1
Cmd: preprocess
  insize=811 outsize=209 ok=1
Cmd: preprocess
  insize=811 outsize=209 ok=1
Cmd: preprocess
  insize=811 outsize=209 ok=1
Cmd: preprocess
  insize=811 outsize=209 ok=1
Cmd: preprocess
  insize=811 outsize=209 ok=1
Cmd: preprocess
  insize=811 outsize=209 ok=1
Cmd: preprocess
  insize=811 outsize=209 ok=1
Cmd: preprocess
  insize=811 outsize=209 ok=1
Cmd: preprocess
  insize=811 outsize=209 ok=1
Cmd: preprocess
  insize=811 outsize=209 ok=1
Cmd: preprocess
  insize=811 outsize=209 ok=1
Cmd: preprocess
  insize=811 outsize=209 ok=1
Cmd: preprocess
  insize=811 outsize=209 ok=1
Cmd: preprocess
  insize=811 outsize=209 ok=1
Cmd: preprocess
  insize=9742 outsize=714 ok=1
Cmd: preprocess
  insize=8667 outsize=726 ok=1
Cmd: preprocess
  insize=9044 outsize=830 ok=1
Cmd: preprocess
  insize=3699 outsize=601 ok=1
Cmd: preprocess
  insize=3903 outsize=598 ok=1
Cmd: preprocess
  insize=3901 outsize=597 ok=1
Cmd: preprocess
  insize=3697 outsize=601 ok=1
Cmd: preprocess
  insize=4414 outsize=604 ok=1
Cmd: preprocess
  insize=5083 outsize=608 ok=1
Cmd: preprocess
  insize=3699 outsize=601 ok=1
Cmd: preprocess
  insize=4416 outsize=604 ok=1
Cmd: preprocess
  insize=5085 outsize=607 ok=1
Cmd: preprocess
  insize=4214 outsize=608 ok=1
Cmd: preprocess
  insize=3855 outsize=604 ok=1
Cmd: preprocess
  insize=111767 outsize=3094 ok=1
Cmd: preprocess
  insize=9188 outsize=601 ok=1
Cmd: preprocess
  insize=7436 outsize=604 ok=1
Cmd: preprocess
  insize=5387 outsize=608 ok=1
Cmd: preprocess
  insize=3750 outsize=601 ok=1
Cmd: preprocess
  insize=8592 outsize=597 ok=1
Cmd: preprocess
  insize=3750 outsize=601 ok=1
Cmd: preprocess
  insize=7897 outsize=603 ok=1
Cmd: preprocess
  insize=8143 outsize=602 ok=1
Cmd: preprocess
  insize=5937 outsize=723 ok=1
Cmd: preprocess
  insize=5957 outsize=725 ok=1
Cmd: preprocess
  insize=4416 outsize=603 ok=1
Cmd: preprocess
  insize=3903 outsize=598 ok=1
Cmd: preprocess
  insize=4116 outsize=608 ok=1
Cmd: preprocess
  insize=6911 outsize=715 ok=1
Cmd: preprocess
  insize=4116 outsize=608 ok=1
Cmd: preprocess
  insize=6911 outsize=715 ok=1
Cmd: preprocess
  insize=9044 outsize=830 ok=1
Cmd: preprocess
  insize=111767 outsize=3094 ok=1
Cmd: preprocess
  insize=4214 outsize=608 ok=1
Cmd: preprocess
  insize=9742 outsize=714 ok=1
Cmd: preprocess
  insize=3697 outsize=601 ok=1
Cmd: preprocess
  insize=3901 outsize=597 ok=1
Cmd: preprocess
  insize=4414 outsize=604 ok=1
Cmd: preprocess
  insize=5083 outsize=608 ok=1
Cmd: preprocess
  insize=5937 outsize=723 ok=1
Cmd: preprocess
  insize=3699 outsize=601 ok=1
Cmd: preprocess
  insize=3903 outsize=598 ok=1
Cmd: preprocess
  insize=4416 outsize=603 ok=1
Cmd: preprocess
  insize=5387 outsize=608 ok=1
Cmd: preprocess
  insize=7436 outsize=604 ok=1
Cmd: preprocess
  insize=7897 outsize=603 ok=1
Cmd: preprocess
  insize=8143 outsize=602 ok=1
Cmd: preprocess
  insize=8592 outsize=597 ok=1
Cmd: preprocess
  insize=9188 outsize=601 ok=1
Cmd: preprocess
  insize=3699 outsize=601 ok=1
Cmd: preprocess
  insize=3903 outsize=598 ok=1
Cmd: preprocess
  insize=4416 outsize=604 ok=1
Cmd: preprocess
  insize=5085 outsize=607 ok=1
Cmd: preprocess
  insize=5957 outsize=725 ok=1
Cmd: preprocess
  insize=8667 outsize=726 ok=1
Cmd: preprocess
  insize=103986 outsize=3116 ok=1
Cmd: preprocess
  insize=103986 outsize=3116 ok=1
Cmd: preprocess
  insize=811 outsize=209 ok=1
Cmd: preprocess
  insize=4428 outsize=724 ok=1
Cmd: preprocess
  insize=103986 outsize=3116 ok=1
Cmd: preprocess
  insize=103986 outsize=3116 ok=1
Cmd: preprocess
  insize=7353 outsize=714 ok=1
Cmd: preprocess
  insize=106468 outsize=2980 ok=1
Cmd: preprocess
  insize=9044 outsize=830 ok=1
Cmd: preprocess
  insize=111767 outsize=3094 ok=1
Cmd: preprocess
  insize=103986 outsize=3117 ok=1
Cmd: preprocess
  insize=6364 outsize=714 ok=1
Cmd: preprocess
  insize=105005 outsize=3094 ok=1
Cmd: preprocess
  insize=9044 outsize=830 ok=1
Cmd: preprocess
  insize=111767 outsize=3094 ok=1
Cmd: preprocess
  insize=103986 outsize=3116 ok=1
Cmd: preprocess
  insize=7353 outsize=714 ok=1
Cmd: preprocess
  insize=106468 outsize=2980 ok=1
Cmd: preprocess
  insize=9044 outsize=830 ok=1
Cmd: preprocess
  insize=111767 outsize=3094 ok=1
Cmd: preprocess
  insize=9044 outsize=830 ok=1
Cmd: preprocess
  insize=111767 outsize=3094 ok=1
Cmd: preprocess
  insize=103986 outsize=3117 ok=1
